2021/10/26 12:01:13 Starting the system
2021/10/26 12:01:13 Starting to listen for messages from the chat server
2021/10/26 12:01:13 Starting listener for sending messages (sending messages on <Enter>)
2021/10/26 12:01:13 Listener received message with content: 
2021/10/26 12:01:13 <479c: 1, server: 17> 479c joined
2021/10/26 12:01:13 Starting to listen for chat messages from the server
2021/10/26 12:01:13 Starting to listen for UI events
2021/10/26 12:01:13 479c joined the chat
2021/10/26 12:01:14 Received UI event for inserting a character in chat box
2021/10/26 12:01:14 Starting to listen for UI events
2021/10/26 12:01:14 Received UI event for inserting a character in chat box
2021/10/26 12:01:14 Starting to listen for UI events
2021/10/26 12:01:14 Received UI event for inserting a character in chat box
2021/10/26 12:01:14 Starting to listen for UI events
2021/10/26 12:01:14 Received UI event for inserting a character in chat box
2021/10/26 12:01:14 Starting to listen for UI events
2021/10/26 12:01:15 Received UI event for inserting a character in chat box
2021/10/26 12:01:15 Starting to listen for UI events
2021/10/26 12:01:15 Starting to listen for UI events
2021/10/26 12:01:15 Received UI event for inserting a character in chat box
2021/10/26 12:01:15 Starting to listen for UI events
2021/10/26 12:01:15 Received UI event for inserting a character in chat box
2021/10/26 12:01:15 Starting to listen for UI events
2021/10/26 12:01:15 Received UI event for inserting a character in chat box
2021/10/26 12:01:15 Starting to listen for UI events
2021/10/26 12:01:15 Received UI event for inserting a character in chat box
2021/10/26 12:01:15 Starting to listen for UI events
2021/10/26 12:01:15 Received UI event for inserting a character in chat box
2021/10/26 12:01:15 Starting to listen for UI events
2021/10/26 12:01:15 Received UI event for <Enter>
2021/10/26 12:01:15 Received message, will send to server
2021/10/26 12:01:15 Sending message to sever with contents: hello world, clock: <479c: 2, server: 17>
2021/10/26 12:01:15 Starting listener for sending messages (sending messages on <Enter>)
2021/10/26 12:01:15 Listener received message with content: hello world
2021/10/26 12:01:15 <479c: 3, server: 19> 479c: hello world
2021/10/26 12:01:15 [479c] hello world
2021/10/26 12:01:15 Starting to listen for UI events
2021/10/26 12:01:17 Received UI event for inserting a character in chat box
2021/10/26 12:01:17 Starting to listen for UI events
2021/10/26 12:01:17 Starting to listen for UI events
2021/10/26 12:01:18 Received UI event for inserting a character in chat box
2021/10/26 12:01:18 Starting to listen for UI events
2021/10/26 12:01:18 Received UI event for inserting a character in chat box
2021/10/26 12:01:18 Starting to listen for UI events
2021/10/26 12:01:18 Starting to listen for UI events
2021/10/26 12:01:18 Received UI event for inserting a character in chat box
2021/10/26 12:01:18 Starting to listen for UI events
2021/10/26 12:01:19 Received UI event for <Backspace>
2021/10/26 12:01:19 Starting to listen for UI events
2021/10/26 12:01:19 Received UI event for inserting a character in chat box
2021/10/26 12:01:19 Starting to listen for UI events
2021/10/26 12:01:19 Received UI event for inserting a character in chat box
2021/10/26 12:01:19 Starting to listen for UI events
2021/10/26 12:01:19 Received UI event for inserting a character in chat box
2021/10/26 12:01:19 Starting to listen for UI events
2021/10/26 12:01:19 Received UI event for inserting a character in chat box
2021/10/26 12:01:19 Starting to listen for UI events
2021/10/26 12:01:19 Received UI event for <Enter>
2021/10/26 12:01:19 Received message, will send to server
2021/10/26 12:01:19 Sending message to sever with contents: i am sexy, clock: <479c: 4, server: 19>
2021/10/26 12:01:19 Starting listener for sending messages (sending messages on <Enter>)
2021/10/26 12:01:19 Listener received message with content: i am sexy
2021/10/26 12:01:19 <479c: 5, server: 21> 479c: i am sexy
2021/10/26 12:01:19 [479c] i am sexy
2021/10/26 12:01:19 Starting to listen for UI events
2021/10/26 12:01:23 Received UI event for inserting a character in chat box
2021/10/26 12:01:23 Starting to listen for UI events
2021/10/26 12:01:23 Received UI event for inserting a character in chat box
2021/10/26 12:01:23 Starting to listen for UI events
2021/10/26 12:01:23 Received UI event for inserting a character in chat box
2021/10/26 12:01:23 Starting to listen for UI events
2021/10/26 12:01:23 Received UI event for inserting a character in chat box
2021/10/26 12:01:23 Starting to listen for UI events
2021/10/26 12:01:23 Received UI event for inserting a character in chat box
2021/10/26 12:01:23 Starting to listen for UI events
2021/10/26 12:01:24 Received UI event for <Enter>
2021/10/26 12:01:24 Received message, will send to server
2021/10/26 12:01:24 Sending message to sever with contents: lolol, clock: <479c: 6, server: 21>
2021/10/26 12:01:24 Starting listener for sending messages (sending messages on <Enter>)
2021/10/26 12:01:24 Listener received message with content: lolol
2021/10/26 12:01:24 <479c: 7, server: 23> 479c: lolol
2021/10/26 12:01:24 [479c] lolol
2021/10/26 12:01:24 Starting to listen for UI events
2021/10/26 12:01:25 Received UI event for inserting a character in chat box
2021/10/26 12:01:25 Starting to listen for UI events
2021/10/26 12:01:25 Received UI event for inserting a character in chat box
2021/10/26 12:01:25 Starting to listen for UI events
2021/10/26 12:01:25 Received UI event for <Enter>
2021/10/26 12:01:25 Received message, will send to server
2021/10/26 12:01:25 Sending message to sever with contents: :D, clock: <479c: 8, server: 23>
2021/10/26 12:01:25 Starting listener for sending messages (sending messages on <Enter>)
2021/10/26 12:01:25 Listener received message with content: :D
2021/10/26 12:01:25 <479c: 9, server: 25> 479c: :D
2021/10/26 12:01:25 [479c] :D
2021/10/26 12:01:25 Starting to listen for UI events
 events
2021/10/26 11:59:52 Received UI event for inserting a character in chat box
2021/10/26 11:59:52 Starting to listen for UI events
2021/10/26 11:59:52 Received UI event for inserting a character in chat box
2021/10/26 11:59:52 Starting to listen for UI events
2021/10/26 11:59:52 Received UI event for inserting a character in chat box
2021/10/26 11:59:52 Starting to listen for UI events
2021/10/26 11:59:53 Received UI event for <Backspace>
2021/10/26 11:59:53 Starting to listen for UI events
2021/10/26 11:59:53 Received UI event for <Backspace>
2021/10/26 11:59:53 Starting to listen for UI events
2021/10/26 11:59:54 Received UI event for <Enter>
2021/10/26 11:59:54 Finished sending user message to message sender
2021/10/26 11:59:54 Received message, will send to server
2021/10/26 11:59:54 Sending message to sever with contents: aoieaiwofafe, clock: <63c6: 6, server: 7>
2021/10/26 11:59:54 Starting listener for sending messages (sending messages on <Enter>)
2021/10/26 11:59:54 Listener received message with content: aoieaiwofafe
2021/10/26 11:59:54 <63c6: 7, server: 9> 63c6: aoieaiwofafe
2021/10/26 11:59:54 [63c6] aoieaiwofafe
2021/10/26 11:59:54 Starting to listen for UI events
2021/10/26 11:59:57 Received UI event for inserting a character in chat box
2021/10/26 11:59:57 Starting to listen for UI events
2021/10/26 11:59:57 Received UI event for inserting a character in chat box
2021/10/26 11:59:57 Starting to listen for UI events
2021/10/26 11:59:57 Received UI event for inserting a character in chat box
2021/10/26 11:59:57 Starting to listen for UI events
2021/10/26 11:59:57 Received UI event for inserting a character in chat box
2021/10/26 11:59:57 Starting to listen for UI events
2021/10/26 11:59:57 Received UI event for inserting a character in chat box
2021/10/26 11:59:57 Starting to listen for UI events
2021/10/26 11:59:57 Received UI event for inserting a character in chat box
2021/10/26 11:59:57 Starting to listen for UI events
2021/10/26 11:59:58 Received UI event for inserting a character in chat box
2021/10/26 11:59:58 Starting to listen for UI events
2021/10/26 11:59:58 Received UI event for inserting a character in chat box
2021/10/26 11:59:58 Starting to listen for UI events
2021/10/26 11:59:58 Received UI event for inserting a character in chat box
2021/10/26 11:59:58 Starting to listen for UI events
2021/10/26 11:59:58 Received UI event for <Enter>
2021/10/26 11:59:58 Finished sending user message to message sender
2021/10/26 11:59:58 Received message, will send to server
2021/10/26 11:59:58 Sending message to sever with contents: iamcool, clock: <63c6: 8, server: 9>
2021/10/26 11:59:58 Starting listener for sending messages (sending messages on <Enter>)
2021/10/26 11:59:58 Listener received message with content: iamcool
2021/10/26 11:59:58 <63c6: 9, server: 11> 63c6: iamcool
2021/10/26 11:59:58 [63c6] iamcool
2021/10/26 11:59:58 Starting to listen for UI events
2021/10/26 12:00:16 Received UI event for inserting a character in chat box
2021/10/26 12:00:16 Starting to listen for UI events
2021/10/26 12:00:17 Received UI event for inserting a character in chat box
2021/10/26 12:00:17 Starting to listen for UI events
2021/10/26 12:00:17 Received UI event for inserting a character in chat box
2021/10/26 12:00:17 Starting to listen for UI events
2021/10/26 12:00:17 Received UI event for inserting a character in chat box
2021/10/26 12:00:17 Starting to listen for UI events
2021/10/26 12:00:17 Received UI event for inserting a character in chat box
2021/10/26 12:00:17 Starting to listen for UI events
2021/10/26 12:00:17 Received UI event for inserting a character in chat box
2021/10/26 12:00:17 Starting to listen for UI events
2021/10/26 12:00:18 Received UI event for <Enter>
2021/10/26 12:00:18 Finished sending user message to message sender
2021/10/26 12:00:18 Received message, will send to server
2021/10/26 12:00:18 Sending message to sever with contents: SKRRRT, clock: <63c6: 10, server: 11>
2021/10/26 12:00:18 Starting listener for sending messages (sending messages on <Enter>)
2021/10/26 12:00:18 Listener received message with content: SKRRRT
2021/10/26 12:00:18 <63c6: 11, server: 13> 63c6: SKRRRT
2021/10/26 12:00:18 [63c6] SKRRRT
2021/10/26 12:00:18 Starting to listen for UI events
2021/10/26 12:00:43 Received UI event for inserting a character in chat box
2021/10/26 12:00:43 Starting to listen for UI events
2021/10/26 12:00:43 Received UI event for inserting a character in chat box
2021/10/26 12:00:43 Starting to listen for UI events
2021/10/26 12:00:44 Received UI event for inserting a character in chat box
2021/10/26 12:00:44 Starting to listen for UI events
2021/10/26 12:00:44 Received UI event for inserting a character in chat box
2021/10/26 12:00:44 Starting to listen for UI events
2021/10/26 12:00:44 Received UI event for inserting a character in chat box
2021/10/26 12:00:44 Starting to listen for UI events
2021/10/26 12:00:45 Received UI event for inserting a character in chat box
2021/10/26 12:00:45 Starting to listen for UI events
2021/10/26 12:00:45 Received UI event for inserting a character in chat box
2021/10/26 12:00:45 Starting to listen for UI events
2021/10/26 12:00:45 Received UI event for program exit
9ac4] 321
2021/10/26 11:57:45 Listener received message with content: 322
2021/10/26 11:57:45 <17d5: 33, 4f10: 10, 7d24: 10, 9ac4: 341, ac2f: 47, cf92: 30, server: 1652> 9ac4: 322
2021/10/26 11:57:45 [9ac4] 322
2021/10/26 11:57:47 Listener received message with content: 323
2021/10/26 11:57:47 <17d5: 33, 4f10: 10, 7d24: 10, 9ac4: 342, ac2f: 48, cf92: 30, server: 1654> 9ac4: 323
2021/10/26 11:57:47 [9ac4] 323
2021/10/26 11:57:49 Listener received message with content: 324
2021/10/26 11:57:49 <17d5: 33, 4f10: 10, 7d24: 10, 9ac4: 343, ac2f: 49, cf92: 30, server: 1656> 9ac4: 324
2021/10/26 11:57:49 [9ac4] 324
2021/10/26 11:57:51 Listener received message with content: 325
2021/10/26 11:57:51 <17d5: 33, 4f10: 10, 7d24: 10, 9ac4: 344, ac2f: 50, cf92: 30, server: 1658> 9ac4: 325
2021/10/26 11:57:51 [9ac4] 325
2021/10/26 11:57:53 Listener received message with content: 326
2021/10/26 11:57:53 <17d5: 33, 4f10: 10, 7d24: 10, 9ac4: 345, ac2f: 51, cf92: 30, server: 1660> 9ac4: 326
2021/10/26 11:57:53 [9ac4] 326
2021/10/26 11:57:55 Listener received message with content: 327
2021/10/26 11:57:55 <17d5: 33, 4f10: 10, 7d24: 10, 9ac4: 346, ac2f: 52, cf92: 30, server: 1662> 9ac4: 327
2021/10/26 11:57:55 [9ac4] 327
2021/10/26 11:57:57 Listener received message with content: 328
2021/10/26 11:57:57 <17d5: 33, 4f10: 10, 7d24: 10, 9ac4: 347, ac2f: 53, cf92: 30, server: 1664> 9ac4: 328
2021/10/26 11:57:57 [9ac4] 328
2021/10/26 11:57:59 Listener received message with content: 329
2021/10/26 11:57:59 <17d5: 33, 4f10: 10, 7d24: 10, 9ac4: 348, ac2f: 54, cf92: 30, server: 1666> 9ac4: 329
2021/10/26 11:57:59 [9ac4] 329
2021/10/26 11:58:01 Listener received message with content: 330
2021/10/26 11:58:01 <17d5: 33, 4f10: 10, 7d24: 10, 9ac4: 349, ac2f: 55, cf92: 30, server: 1668> 9ac4: 330
2021/10/26 11:58:01 [9ac4] 330
2021/10/26 11:58:03 Listener received message with content: 331
2021/10/26 11:58:03 <17d5: 33, 4f10: 10, 7d24: 10, 9ac4: 350, ac2f: 56, cf92: 30, server: 1670> 9ac4: 331
2021/10/26 11:58:03 [9ac4] 331
2021/10/26 11:58:05 Listener received message with content: 332
2021/10/26 11:58:05 <17d5: 33, 4f10: 10, 7d24: 10, 9ac4: 351, ac2f: 57, cf92: 30, server: 1672> 9ac4: 332
2021/10/26 11:58:05 [9ac4] 332
2021/10/26 11:58:07 Listener received message with content: 333
2021/10/26 11:58:07 <17d5: 33, 4f10: 10, 7d24: 10, 9ac4: 352, ac2f: 58, cf92: 30, server: 1674> 9ac4: 333
2021/10/26 11:58:07 [9ac4] 333
2021/10/26 11:58:09 Listener received message with content: 334
2021/10/26 11:58:09 <17d5: 33, 4f10: 10, 7d24: 10, 9ac4: 353, ac2f: 59, cf92: 30, server: 1676> 9ac4: 334
2021/10/26 11:58:09 [9ac4] 334
2021/10/26 11:58:11 Listener received message with content: 335
2021/10/26 11:58:11 <17d5: 33, 4f10: 10, 7d24: 10, 9ac4: 354, ac2f: 60, cf92: 30, server: 1678> 9ac4: 335
2021/10/26 11:58:11 [9ac4] 335
2021/10/26 11:58:13 Listener received message with content: 336
2021/10/26 11:58:13 <17d5: 33, 4f10: 10, 7d24: 10, 9ac4: 355, ac2f: 61, cf92: 30, server: 1680> 9ac4: 336
2021/10/26 11:58:13 [9ac4] 336
2021/10/26 11:58:15 Listener received message with content: 337
2021/10/26 11:58:15 <17d5: 33, 4f10: 10, 7d24: 10, 9ac4: 356, ac2f: 62, cf92: 30, server: 1682> 9ac4: 337
2021/10/26 11:58:15 [9ac4] 337
2021/10/26 11:58:17 Listener received message with content: 338
2021/10/26 11:58:17 <17d5: 33, 4f10: 10, 7d24: 10, 9ac4: 357, ac2f: 63, cf92: 30, server: 1684> 9ac4: 338
2021/10/26 11:58:17 [9ac4] 338
2021/10/26 11:58:19 Listener received message with content: 339
2021/10/26 11:58:19 <17d5: 33, 4f10: 10, 7d24: 10, 9ac4: 358, ac2f: 64, cf92: 30, server: 1686> 9ac4: 339
2021/10/26 11:58:19 [9ac4] 339
2021/10/26 11:58:21 Listener received message with content: 340
2021/10/26 11:58:21 <17d5: 33, 4f10: 10, 7d24: 10, 9ac4: 359, ac2f: 65, cf92: 30, server: 1688> 9ac4: 340
2021/10/26 11:58:21 [9ac4] 340
2021/10/26 11:58:23 Listener received message with content: 341
2021/10/26 11:58:23 <17d5: 33, 4f10: 10, 7d24: 10, 9ac4: 360, ac2f: 66, cf92: 30, server: 1690> 9ac4: 341
2021/10/26 11:58:23 [9ac4] 341
2021/10/26 11:58:25 Listener received message with content: 342
2021/10/26 11:58:25 <17d5: 33, 4f10: 10, 7d24: 10, 9ac4: 361, ac2f: 67, cf92: 30, server: 1692> 9ac4: 342
2021/10/26 11:58:25 [9ac4] 342
2021/10/26 11:58:27 Listener received message with content: 343
2021/10/26 11:58:27 <17d5: 33, 4f10: 10, 7d24: 10, 9ac4: 362, ac2f: 68, cf92: 30, server: 1694> 9ac4: 343
2021/10/26 11:58:27 [9ac4] 343
2021/10/26 11:58:27 Received UI event for inserting a character in chat box
2021/10/26 11:58:27 Starting to listen for UI events
2021/10/26 11:58:27 Received UI event for inserting a character in chat box
2021/10/26 11:58:27 Starting to listen for UI events
2021/10/26 11:58:27 Received UI event for inserting a character in chat box
2021/10/26 11:58:27 Starting to listen for UI events
2021/10/26 11:58:28 Received UI event for inserting a character in chat box
2021/10/26 11:58:28 Starting to listen for UI events
2021/10/26 11:58:28 Received UI event for inserting a character in chat box
2021/10/26 11:58:28 Starting to listen for UI events
2021/10/26 11:58:28 Received UI event for inserting a character in chat box
2021/10/26 11:58:28 Starting to listen for UI events
2021/10/26 11:58:28 Received UI event for inserting a character in chat box
2021/10/26 11:58:28 Starting to listen for UI events
2021/10/26 11:58:28 Received UI event for inserting a character in chat box
2021/10/26 11:58:28 Starting to listen for UI events
2021/10/26 11:58:28 Received UI event for inserting a character in chat box
2021/10/26 11:58:28 Starting to listen for UI events
2021/10/26 11:58:28 Received UI event for inserting a character in chat box
2021/10/26 11:58:28 Starting to listen for UI events
2021/10/26 11:58:28 Received UI event for inserting a character in chat box
2021/10/26 11:58:28 Starting to listen for UI events
2021/10/26 11:58:28 Received UI event for inserting a character in chat box
2021/10/26 11:58:28 Starting to listen for UI events
2021/10/26 11:58:28 Received UI event for inserting a character in chat box
2021/10/26 11:58:28 Starting to listen for UI events
2021/10/26 11:58:28 Received UI event for inserting a character in chat box
2021/10/26 11:58:28 Starting to listen for UI events
2021/10/26 11:58:29 Listener received message with content: 344
2021/10/26 11:58:29 <17d5: 33, 4f10: 10, 7d24: 10, 9ac4: 363, ac2f: 69, cf92: 30, server: 1696> 9ac4: 344
2021/10/26 11:58:29 [9ac4] 344
2021/10/26 11:58:29 Received UI event for inserting a character in chat box
2021/10/26 11:58:29 Starting to listen for UI events
2021/10/26 11:58:29 Received UI event for inserting a character in chat box
2021/10/26 11:58:29 Starting to listen for UI events
2021/10/26 11:58:29 Received UI event for inserting a character in chat box
2021/10/26 11:58:29 Starting to listen for UI events
2021/10/26 11:58:29 Received UI event for inserting a character in chat box
2021/10/26 11:58:29 Starting to listen for UI events
2021/10/26 11:58:29 Received UI event for inserting a character in chat box
2021/10/26 11:58:29 Starting to listen for UI events
2021/10/26 11:58:29 Received UI event for inserting a character in chat box
2021/10/26 11:58:29 Starting to listen for UI events
2021/10/26 11:58:29 Received UI event for inserting a character in chat box
2021/10/26 11:58:29 Starting to listen for UI events
2021/10/26 11:58:30 Received UI event for inserting a character in chat box
2021/10/26 11:58:30 Starting to listen for UI events
2021/10/26 11:58:30 Received UI event for inserting a character in chat box
2021/10/26 11:58:30 Starting to listen for UI events
2021/10/26 11:58:30 Received UI event for inserting a character in chat box
2021/10/26 11:58:30 Starting to listen for UI events
2021/10/26 11:58:30 Received UI event for inserting a character in chat box
2021/10/26 11:58:30 Starting to listen for UI events
2021/10/26 11:58:30 Received UI event for inserting a character in chat box
2021/10/26 11:58:30 Starting to listen for UI events
2021/10/26 11:58:30 Received UI event for inserting a character in chat box
2021/10/26 11:58:30 Starting to listen for UI events
2021/10/26 11:58:30 Received UI event for inserting a character in chat box
2021/10/26 11:58:30 Starting to listen for UI events
2021/10/26 11:58:30 Received UI event for inserting a character in chat box
2021/10/26 11:58:30 Starting to listen for UI events
2021/10/26 11:58:30 Received UI event for inserting a character in chat box
2021/10/26 11:58:30 Starting to listen for UI events
2021/10/26 11:58:30 Received UI event for inserting a character in chat box
2021/10/26 11:58:30 Starting to listen for UI events
2021/10/26 11:58:30 Received UI event for inserting a character in chat box
2021/10/26 11:58:30 Starting to listen for UI events
2021/10/26 11:58:31 Received UI event for inserting a character in chat box
2021/10/26 11:58:31 Starting to listen for UI events
2021/10/26 11:58:31 Received UI event for inserting a character in chat box
2021/10/26 11:58:31 Starting to listen for UI events
2021/10/26 11:58:31 Received UI event for inserting a character in chat box
2021/10/26 11:58:31 Starting to listen for UI events
2021/10/26 11:58:31 Received UI event for inserting a character in chat box
2021/10/26 11:58:31 Starting to listen for UI events
2021/10/26 11:58:31 Received UI event for inserting a character in chat box
2021/10/26 11:58:31 Starting to listen for UI events
2021/10/26 11:58:31 Received UI event for inserting a character in chat box
2021/10/26 11:58:31 Starting to listen for UI events
2021/10/26 11:58:31 Received UI event for inserting a character in chat box
2021/10/26 11:58:31 Starting to listen for UI events
2021/10/26 11:58:31 Received UI event for inserting a character in chat box
2021/10/26 11:58:31 Starting to listen for UI events
2021/10/26 11:58:31 Received UI event for inserting a character in chat box
2021/10/26 11:58:31 Starting to listen for UI events
2021/10/26 11:58:31 Received UI event for inserting a character in chat box
2021/10/26 11:58:31 Starting to listen for UI events
2021/10/26 11:58:31 Received UI event for inserting a character in chat box
2021/10/26 11:58:31 Starting to listen for UI events
2021/10/26 11:58:31 Received UI event for inserting a character in chat box
2021/10/26 11:58:31 Starting to listen for UI events
2021/10/26 11:58:31 Received UI event for inserting a character in chat box
2021/10/26 11:58:31 Starting to listen for UI events
2021/10/26 11:58:31 Received UI event for inserting a character in chat box
2021/10/26 11:58:31 Starting to listen for UI events
2021/10/26 11:58:31 Received UI event for inserting a character in chat box
2021/10/26 11:58:31 Starting to listen for UI events
2021/10/26 11:58:31 Received UI event for inserting a character in chat box
2021/10/26 11:58:31 Starting to listen for UI events
2021/10/26 11:58:31 Received UI event for inserting a character in chat box
2021/10/26 11:58:31 Starting to listen for UI events
2021/10/26 11:58:31 Received UI event for inserting a character in chat box
2021/10/26 11:58:31 Starting to listen for UI events
2021/10/26 11:58:31 Received UI event for inserting a character in chat box
2021/10/26 11:58:31 Starting to listen for UI events
2021/10/26 11:58:31 Received UI event for inserting a character in chat box
2021/10/26 11:58:31 Starting to listen for UI events
2021/10/26 11:58:31 Listener received message with content: 345
2021/10/26 11:58:31 <17d5: 33, 4f10: 10, 7d24: 10, 9ac4: 364, ac2f: 70, cf92: 30, server: 1698> 9ac4: 345
2021/10/26 11:58:31 [9ac4] 345
2021/10/26 11:58:31 Received UI event for inserting a character in chat box
2021/10/26 11:58:31 Starting to listen for UI events
2021/10/26 11:58:31 Received UI event for inserting a character in chat box
2021/10/26 11:58:31 Starting to listen for UI events
2021/10/26 11:58:31 Received UI event for inserting a character in chat box
2021/10/26 11:58:31 Starting to listen for UI events
2021/10/26 11:58:33 Received UI event for inserting a character in chat box
2021/10/26 11:58:33 Starting to listen for UI events
2021/10/26 11:58:33 Received UI event for inserting a character in chat box
2021/10/26 11:58:33 Starting to listen for UI events
2021/10/26 11:58:33 Received UI event for inserting a character in chat box
2021/10/26 11:58:33 Starting to listen for UI events
2021/10/26 11:58:33 Received UI event for inserting a character in chat box
2021/10/26 11:58:33 Starting to listen for UI events
2021/10/26 11:58:33 Listener received message with content: 346
2021/10/26 11:58:33 <17d5: 33, 4f10: 10, 7d24: 10, 9ac4: 365, ac2f: 71, cf92: 30, server: 1700> 9ac4: 346
2021/10/26 11:58:33 [9ac4] 346
2021/10/26 11:58:33 Received UI event for inserting a character in chat box
2021/10/26 11:58:33 Starting to listen for UI events
2021/10/26 11:58:33 Received UI event for inserting a character in chat box
2021/10/26 11:58:33 Starting to listen for UI events
2021/10/26 11:58:33 Received UI event for inserting a character in chat box
2021/10/26 11:58:33 Starting to listen for UI events
2021/10/26 11:58:33 Received UI event for inserting a character in chat box
2021/10/26 11:58:33 Starting to listen for UI events
2021/10/26 11:58:33 Received UI event for inserting a character in chat box
2021/10/26 11:58:33 Starting to listen for UI events
2021/10/26 11:58:33 Received UI event for inserting a character in chat box
2021/10/26 11:58:33 Starting to listen for UI events
2021/10/26 11:58:33 Received UI event for inserting a character in chat box
2021/10/26 11:58:33 Starting to listen for UI events
2021/10/26 11:58:33 Received UI event for inserting a character in chat box
2021/10/26 11:58:33 Starting to listen for UI events
2021/10/26 11:58:33 Received UI event for inserting a character in chat box
2021/10/26 11:58:33 Starting to listen for UI events
2021/10/26 11:58:34 Received UI event for inserting a character in chat box
2021/10/26 11:58:34 Starting to listen for UI events
2021/10/26 11:58:34 Received UI event for inserting a character in chat box
2021/10/26 11:58:34 Starting to listen for UI events
2021/10/26 11:58:34 Received UI event for inserting a character in chat box
2021/10/26 11:58:34 Starting to listen for UI events
2021/10/26 11:58:34 Received UI event for inserting a character in chat box
2021/10/26 11:58:34 Starting to listen for UI events
2021/10/26 11:58:34 Received UI event for inserting a character in chat box
2021/10/26 11:58:34 Starting to listen for UI events
2021/10/26 11:58:35 Received UI event for program exit
:49 Received chat message, contents: 234
2021/10/26 11:54:49 Starting to listen for chat messages from the server
2021/10/26 11:54:51 Listener received message with content: 235
2021/10/26 11:54:51 <17d5: 33, 2c27: 83, 4f10: 10, 7d24: 10, 9ac4: 251, cf92: 30, server: 1472> 9ac4: 235
2021/10/26 11:54:51 Received chat message, contents: 235
2021/10/26 11:54:51 Starting to listen for chat messages from the server
2021/10/26 11:54:53 Listener received message with content: 236
2021/10/26 11:54:53 <17d5: 33, 2c27: 84, 4f10: 10, 7d24: 10, 9ac4: 252, cf92: 30, server: 1474> 9ac4: 236
2021/10/26 11:54:53 Received chat message, contents: 236
2021/10/26 11:54:53 Starting to listen for chat messages from the server
2021/10/26 11:54:55 Listener received message with content: 237
2021/10/26 11:54:55 <17d5: 33, 2c27: 85, 4f10: 10, 7d24: 10, 9ac4: 253, cf92: 30, server: 1476> 9ac4: 237
2021/10/26 11:54:55 Received chat message, contents: 237
2021/10/26 11:54:55 Starting to listen for chat messages from the server
2021/10/26 11:54:57 Listener received message with content: 238
2021/10/26 11:54:57 <17d5: 33, 2c27: 86, 4f10: 10, 7d24: 10, 9ac4: 254, cf92: 30, server: 1478> 9ac4: 238
2021/10/26 11:54:57 Received chat message, contents: 238
2021/10/26 11:54:57 Starting to listen for chat messages from the server
2021/10/26 11:54:59 Listener received message with content: 239
2021/10/26 11:54:59 <17d5: 33, 2c27: 87, 4f10: 10, 7d24: 10, 9ac4: 255, cf92: 30, server: 1480> 9ac4: 239
2021/10/26 11:54:59 Received chat message, contents: 239
2021/10/26 11:54:59 Starting to listen for chat messages from the server
2021/10/26 11:55:01 Listener received message with content: 240
2021/10/26 11:55:01 <17d5: 33, 2c27: 88, 4f10: 10, 7d24: 10, 9ac4: 256, cf92: 30, server: 1482> 9ac4: 240
2021/10/26 11:55:01 Received chat message, contents: 240
2021/10/26 11:55:01 Starting to listen for chat messages from the server
2021/10/26 11:55:03 Listener received message with content: 241
2021/10/26 11:55:03 <17d5: 33, 2c27: 89, 4f10: 10, 7d24: 10, 9ac4: 257, cf92: 30, server: 1484> 9ac4: 241
2021/10/26 11:55:03 Received chat message, contents: 241
2021/10/26 11:55:03 Starting to listen for chat messages from the server
2021/10/26 11:55:05 Listener received message with content: 242
2021/10/26 11:55:05 <17d5: 33, 2c27: 90, 4f10: 10, 7d24: 10, 9ac4: 258, cf92: 30, server: 1486> 9ac4: 242
2021/10/26 11:55:05 Received chat message, contents: 242
2021/10/26 11:55:05 Starting to listen for chat messages from the server
2021/10/26 11:55:07 Listener received message with content: 243
2021/10/26 11:55:07 <17d5: 33, 2c27: 91, 4f10: 10, 7d24: 10, 9ac4: 259, cf92: 30, server: 1488> 9ac4: 243
2021/10/26 11:55:07 Received chat message, contents: 243
2021/10/26 11:55:07 Starting to listen for chat messages from the server
2021/10/26 11:55:09 Listener received message with content: 244
2021/10/26 11:55:09 <17d5: 33, 2c27: 92, 4f10: 10, 7d24: 10, 9ac4: 260, cf92: 30, server: 1490> 9ac4: 244
2021/10/26 11:55:09 Received chat message, contents: 244
2021/10/26 11:55:09 Starting to listen for chat messages from the server
2021/10/26 11:55:11 Listener received message with content: 245
2021/10/26 11:55:11 <17d5: 33, 2c27: 93, 4f10: 10, 7d24: 10, 9ac4: 261, cf92: 30, server: 1492> 9ac4: 245
2021/10/26 11:55:11 Received chat message, contents: 245
2021/10/26 11:55:11 Starting to listen for chat messages from the server
2021/10/26 11:55:13 Listener received message with content: 246
2021/10/26 11:55:13 <17d5: 33, 2c27: 94, 4f10: 10, 7d24: 10, 9ac4: 262, cf92: 30, server: 1494> 9ac4: 246
2021/10/26 11:55:13 Received chat message, contents: 246
2021/10/26 11:55:13 Starting to listen for chat messages from the server
2021/10/26 11:55:15 Listener received message with content: 247
2021/10/26 11:55:15 <17d5: 33, 2c27: 95, 4f10: 10, 7d24: 10, 9ac4: 263, cf92: 30, server: 1496> 9ac4: 247
2021/10/26 11:55:15 Received chat message, contents: 247
2021/10/26 11:55:15 Starting to listen for chat messages from the server
2021/10/26 11:55:17 Listener received message with content: 248
2021/10/26 11:55:17 <17d5: 33, 2c27: 96, 4f10: 10, 7d24: 10, 9ac4: 264, cf92: 30, server: 1498> 9ac4: 248
2021/10/26 11:55:17 Received chat message, contents: 248
2021/10/26 11:55:17 Starting to listen for chat messages from the server
2021/10/26 11:55:19 Listener received message with content: 249
2021/10/26 11:55:19 <17d5: 33, 2c27: 97, 4f10: 10, 7d24: 10, 9ac4: 265, cf92: 30, server: 1500> 9ac4: 249
2021/10/26 11:55:19 Received chat message, contents: 249
2021/10/26 11:55:19 Starting to listen for chat messages from the server
2021/10/26 11:55:21 Listener received message with content: 250
2021/10/26 11:55:21 <17d5: 33, 2c27: 98, 4f10: 10, 7d24: 10, 9ac4: 266, cf92: 30, server: 1502> 9ac4: 250
2021/10/26 11:55:21 Received chat message, contents: 250
2021/10/26 11:55:21 Starting to listen for chat messages from the server
2021/10/26 11:55:23 Listener received message with content: 251
2021/10/26 11:55:23 <17d5: 33, 2c27: 99, 4f10: 10, 7d24: 10, 9ac4: 267, cf92: 30, server: 1504> 9ac4: 251
2021/10/26 11:55:23 Received chat message, contents: 251
2021/10/26 11:55:23 Starting to listen for chat messages from the server
2021/10/26 11:55:25 Listener received message with content: 252
2021/10/26 11:55:25 <17d5: 33, 2c27: 100, 4f10: 10, 7d24: 10, 9ac4: 268, cf92: 30, server: 1506> 9ac4: 252
2021/10/26 11:55:25 Received chat message, contents: 252
2021/10/26 11:55:25 Starting to listen for chat messages from the server
2021/10/26 11:55:27 Listener received message with content: 253
2021/10/26 11:55:27 <17d5: 33, 2c27: 101, 4f10: 10, 7d24: 10, 9ac4: 269, cf92: 30, server: 1508> 9ac4: 253
2021/10/26 11:55:27 Received chat message, contents: 253
2021/10/26 11:55:27 Starting to listen for chat messages from the server
2021/10/26 11:55:29 Listener received message with content: 254
2021/10/26 11:55:29 <17d5: 33, 2c27: 102, 4f10: 10, 7d24: 10, 9ac4: 270, cf92: 30, server: 1510> 9ac4: 254
2021/10/26 11:55:29 Received chat message, contents: 254
2021/10/26 11:55:29 Starting to listen for chat messages from the server
2021/10/26 11:55:31 Listener received message with content: 255
2021/10/26 11:55:31 <17d5: 33, 2c27: 103, 4f10: 10, 7d24: 10, 9ac4: 271, cf92: 30, server: 1512> 9ac4: 255
2021/10/26 11:55:31 Received chat message, contents: 255
2021/10/26 11:55:31 Starting to listen for chat messages from the server
2021/10/26 11:55:33 Listener received message with content: 256
2021/10/26 11:55:33 <17d5: 33, 2c27: 104, 4f10: 10, 7d24: 10, 9ac4: 272, cf92: 30, server: 1514> 9ac4: 256
2021/10/26 11:55:33 Received chat message, contents: 256
2021/10/26 11:55:33 Starting to listen for chat messages from the server
2021/10/26 11:55:35 Listener received message with content: 257
2021/10/26 11:55:35 <17d5: 33, 2c27: 105, 4f10: 10, 7d24: 10, 9ac4: 273, cf92: 30, server: 1516> 9ac4: 257
2021/10/26 11:55:35 Received chat message, contents: 257
2021/10/26 11:55:35 Starting to listen for chat messages from the server
2021/10/26 11:55:37 Listener received message with content: 258
2021/10/26 11:55:37 <17d5: 33, 2c27: 106, 4f10: 10, 7d24: 10, 9ac4: 274, cf92: 30, server: 1518> 9ac4: 258
2021/10/26 11:55:37 Received chat message, contents: 258
2021/10/26 11:55:37 Starting to listen for chat messages from the server
2021/10/26 11:55:39 Listener received message with content: 259
2021/10/26 11:55:39 <17d5: 33, 2c27: 107, 4f10: 10, 7d24: 10, 9ac4: 275, cf92: 30, server: 1520> 9ac4: 259
2021/10/26 11:55:39 Received chat message, contents: 259
2021/10/26 11:55:39 Starting to listen for chat messages from the server
2021/10/26 11:55:41 Listener received message with content: 260
2021/10/26 11:55:41 <17d5: 33, 2c27: 108, 4f10: 10, 7d24: 10, 9ac4: 276, cf92: 30, server: 1522> 9ac4: 260
2021/10/26 11:55:41 Received chat message, contents: 260
2021/10/26 11:55:41 Starting to listen for chat messages from the server
2021/10/26 11:55:43 Listener received message with content: 261
2021/10/26 11:55:43 <17d5: 33, 2c27: 109, 4f10: 10, 7d24: 10, 9ac4: 277, cf92: 30, server: 1524> 9ac4: 261
2021/10/26 11:55:43 Received chat message, contents: 261
2021/10/26 11:55:43 Starting to listen for chat messages from the server
2021/10/26 11:55:45 Listener received message with content: 262
2021/10/26 11:55:45 <17d5: 33, 2c27: 110, 4f10: 10, 7d24: 10, 9ac4: 278, cf92: 30, server: 1526> 9ac4: 262
2021/10/26 11:55:45 Received chat message, contents: 262
2021/10/26 11:55:45 Starting to listen for chat messages from the server
2021/10/26 11:55:47 Listener received message with content: 263
2021/10/26 11:55:47 <17d5: 33, 2c27: 111, 4f10: 10, 7d24: 10, 9ac4: 279, cf92: 30, server: 1528> 9ac4: 263
2021/10/26 11:55:47 Received chat message, contents: 263
2021/10/26 11:55:47 Starting to listen for chat messages from the server
2021/10/26 11:55:49 Listener received message with content: 264
2021/10/26 11:55:49 <17d5: 33, 2c27: 112, 4f10: 10, 7d24: 10, 9ac4: 280, cf92: 30, server: 1530> 9ac4: 264
2021/10/26 11:55:49 Received chat message, contents: 264
2021/10/26 11:55:49 Starting to listen for chat messages from the server
2021/10/26 11:55:51 Listener received message with content: 265
2021/10/26 11:55:51 <17d5: 33, 2c27: 113, 4f10: 10, 7d24: 10, 9ac4: 281, cf92: 30, server: 1532> 9ac4: 265
2021/10/26 11:55:51 Received chat message, contents: 265
2021/10/26 11:55:51 Starting to listen for chat messages from the server
2021/10/26 11:55:53 Listener received message with content: 266
2021/10/26 11:55:53 <17d5: 33, 2c27: 114, 4f10: 10, 7d24: 10, 9ac4: 282, cf92: 30, server: 1534> 9ac4: 266
2021/10/26 11:55:53 Received chat message, contents: 266
2021/10/26 11:55:53 Starting to listen for chat messages from the server
2021/10/26 11:55:55 Listener received message with content: 267
2021/10/26 11:55:55 <17d5: 33, 2c27: 115, 4f10: 10, 7d24: 10, 9ac4: 283, cf92: 30, server: 1536> 9ac4: 267
2021/10/26 11:55:55 Received chat message, contents: 267
2021/10/26 11:55:55 Starting to listen for chat messages from the server
2021/10/26 11:55:57 Listener received message with content: 268
2021/10/26 11:55:57 <17d5: 33, 2c27: 116, 4f10: 10, 7d24: 10, 9ac4: 284, cf92: 30, server: 1538> 9ac4: 268
2021/10/26 11:55:57 Received chat message, contents: 268
2021/10/26 11:55:57 Starting to listen for chat messages from the server
2021/10/26 11:55:59 Listener received message with content: 269
2021/10/26 11:55:59 <17d5: 33, 2c27: 117, 4f10: 10, 7d24: 10, 9ac4: 285, cf92: 30, server: 1540> 9ac4: 269
2021/10/26 11:55:59 Received chat message, contents: 269
2021/10/26 11:55:59 Starting to listen for chat messages from the server
2021/10/26 11:56:01 Listener received message with content: 270
2021/10/26 11:56:01 <17d5: 33, 2c27: 118, 4f10: 10, 7d24: 10, 9ac4: 286, cf92: 30, server: 1542> 9ac4: 270
2021/10/26 11:56:01 Received chat message, contents: 270
2021/10/26 11:56:01 Starting to listen for chat messages from the server
2021/10/26 11:56:03 Listener received message with content: 271
2021/10/26 11:56:03 <17d5: 33, 2c27: 119, 4f10: 10, 7d24: 10, 9ac4: 287, cf92: 30, server: 1544> 9ac4: 271
2021/10/26 11:56:03 Received chat message, contents: 271
2021/10/26 11:56:03 Starting to listen for chat messages from the server
2021/10/26 11:56:05 Listener received message with content: 272
2021/10/26 11:56:05 <17d5: 33, 2c27: 120, 4f10: 10, 7d24: 10, 9ac4: 288, cf92: 30, server: 1546> 9ac4: 272
2021/10/26 11:56:05 Received chat message, contents: 272
2021/10/26 11:56:05 Starting to listen for chat messages from the server
2021/10/26 11:56:07 Listener received message with content: 273
2021/10/26 11:56:07 <17d5: 33, 2c27: 121, 4f10: 10, 7d24: 10, 9ac4: 289, cf92: 30, server: 1548> 9ac4: 273
2021/10/26 11:56:07 Received chat message, contents: 273
2021/10/26 11:56:07 Starting to listen for chat messages from the server
2021/10/26 11:56:09 Listener received message with content: 274
2021/10/26 11:56:09 <17d5: 33, 2c27: 122, 4f10: 10, 7d24: 10, 9ac4: 290, cf92: 30, server: 1550> 9ac4: 274
2021/10/26 11:56:09 Received chat message, contents: 274
2021/10/26 11:56:09 Starting to listen for chat messages from the server
2021/10/26 11:56:11 Listener received message with content: 275
2021/10/26 11:56:11 <17d5: 33, 2c27: 123, 4f10: 10, 7d24: 10, 9ac4: 291, cf92: 30, server: 1552> 9ac4: 275
2021/10/26 11:56:11 Received chat message, contents: 275
2021/10/26 11:56:11 Starting to listen for chat messages from the server
2021/10/26 11:56:11 Received UI event for inserting a character in chat box
2021/10/26 11:56:11 Starting to listen for UI events
2021/10/26 11:56:11 Received UI event for inserting a character in chat box
2021/10/26 11:56:11 Starting to listen for UI events
2021/10/26 11:56:11 Received UI event for program exit
